<domain type='xen'>
  <name>XenGuest2</name>
  <uuid>c7a5fdb2-cdaf-9455-926a-d65c16db1809</uuid>
  <memory unit='KiB'>592896</memory>
  <currentMemory unit='KiB'>403456</currentMemory>
  <vcpu placement='static'>1</vcpu>
  <os>
    <type arch='x86_64' machine='xenpv'>linux</type>
    <kernel>/tmp/vmlinuz</kernel>
    <initrd>/tmp/initrd</initrd>
    <cmdline>root=/dev/xvda1 console=hvc0</cmdline>
  </os>
  <clock offset='utc' adjustment='reset'/>
  <on_poweroff>destroy</on_poweroff>
  <on_reboot>restart</on_reboot>
  <on_crash>restart</on_crash>
  <devices>
    <disk type='file' device='disk'>
      <driver name='qemu' type='raw'/>
      <source file='/dev/HostVG/XenGuest2'/>
      <target dev='xvda' bus='xen'/>
    </disk>
    <controller type='xenbus' index='0'/>
    <interface type='bridge'>
      <mac address='00:16:3e:66:92:9c'/>
      <source bridge='xenbr1'/>
      <script path='vif-bridge'/>
    </interface>
    <console type='pty'>
      <target type='xen' port='0'/>
    </console>
    <input type='mouse' bus='xen'/>
    <input type='keyboard' bus='xen'/>
    <memballoon model='xen'/>
  </devices>
</domain>
