<domain type='xen'>
  <name>XenGuest2</name>
  <uuid>c7a5fdb2-cdaf-9455-926a-d65c16db1809</uuid>
  <os>
    <type>hvm</type>
    <loader>/usr/lib/xen/boot/hvmloader</loader>
    <boot dev='cdrom'/>
  </os>
  <currentMemory unit='KiB'>403456</currentMemory>
  <memory unit='KiB'>592896</memory>
  <vcpu placement='static'>1</vcpu>
  <on_poweroff>destroy</on_poweroff>
  <on_reboot>restart</on_reboot>
  <on_crash>restart</on_crash>
  <features>
    <pae/>
    <acpi/>
    <apic/>
  </features>
  <clock offset='utc' adjustment='reset'/>
  <devices>
    <emulator>/usr/lib/xen/bin/qemu-system-i386</emulator>
    <disk type='block' device='disk'>
      <driver name='phy'/>
      <source dev='/dev/HostVG/XenGuest2'/>
      <target dev='hda' bus='ide'/>
      <address type='drive' controller='0' bus='0' target='0' unit='0'/>
    </disk>
    <disk type='file' device='cdrom'>
      <driver name='file'/>
      <source file='/root/boot.iso'/>
      <target dev='hdc' bus='ide'/>
      <readonly/>
      <address type='drive' controller='0' bus='1' target='0' unit='0'/>
    </disk>
    <interface type='bridge'>
      <mac address='00:16:3e:66:92:9c'/>
      <source bridge='xenbr1'/>
      <script path='vif-bridge'/>
    </interface>
    <input type='tablet'/>
    <input type='mouse' bus='ps2'/>
    <graphics type='vnc' port='-1' listen='127.0.0.1' passwd='123poi'>
      <listen type='address' address='127.0.0.1'/>
    </graphics>
    <memballoon model='xen'/>
  </devices>
</domain>
